STEP to UG
! INFO-     NX STEP AP214 - V2306.9160
! INFO-      
! INFO-     Start of Translation: 2-MAR-2025  9:31:34 AM
! INFO-      
! STATUS-   Converting Part: C:\Users\hmont\OneDrive\Desktop\2024-2\Automatizacion de Procesos de Manufactura\Modelado\Extrusora\plastic injection machine.stp
! SUMMARY-   
! SUMMARY-    STEP Header Information
! SUMMARY-   
! SUMMARY-  Description      CATIA V5 STEP Exchange
! SUMMARY-  Imp_Level        2;1
! SUMMARY-  File_Name        D:\Mine\Show off\Shampoo bottle production line\Injection Machine\CAD\plastic injection machine.stp
! SUMMARY-  Date             2020-10-08T11:37:06+00:00
! SUMMARY-  Author           none
! SUMMARY-  Organization     none
! SUMMARY-  Pre_Version      CATIA Version 5-6 Release 2017
! SUMMARY-  Orig_System      CATIA V5 STEP AP203
! SUMMARY-  Authorization    none
! SUMMARY-  Schema_ID        config_control_design
! SUMMARY-   
! SUMMARY-    Summary of STEP Entities
! SUMMARY-   
! SUMMARY-  Entity Type                                                   Count
! SUMMARY-  -----------                                                   ------
! SUMMARY-  advanced_face ..............................................:   1688
! SUMMARY-  application_context ........................................:      1
! SUMMARY-  approval ...................................................:      1
! SUMMARY-  approval_status ............................................:      1
! SUMMARY-  axis2_placement_3d .........................................:   2170
! SUMMARY-  b_spline_curve_with_knots ..................................:    222
! SUMMARY-  b_spline_surface_with_knots ................................:     44
! SUMMARY-  calendar_date ..............................................:      1
! SUMMARY-  cartesian_point ............................................:  23271
! SUMMARY-  circle .....................................................:   1197
! SUMMARY-  closed_shell ...............................................:     29
! SUMMARY-  conical_surface ............................................:      8
! SUMMARY-  context_dependent_shape_representation .....................:     11
! SUMMARY-  coordinated_universal_time_offset ..........................:      1
! SUMMARY-  cylindrical_surface ........................................:    271
! SUMMARY-  date_and_time ..............................................:      1
! SUMMARY-  direction ..................................................:   6078
! SUMMARY-  document ...................................................:      7
! SUMMARY-  document_type ..............................................:      7
! SUMMARY-  edge_curve .................................................:   4346
! SUMMARY-  edge_loop ..................................................:   2062
! SUMMARY-  face_bound .................................................:    374
! SUMMARY-  face_outer_bound ...........................................:   1688
! SUMMARY-  geometric_representation_context_and_global_uncertainty_a ..:      8
! SUMMARY-  item_defined_transformation ................................:     11
! SUMMARY-  length_unit_and_si_unit ....................................:      1
! SUMMARY-  line .......................................................:   2931
! SUMMARY-  local_time .................................................:      1
! SUMMARY-  manifold_solid_brep ........................................:     29
! SUMMARY-  next_assembly_usage_occurrence .............................:     11
! SUMMARY-  open_shell .................................................:      1
! SUMMARY-  organization ...............................................:      1
! SUMMARY-  oriented_edge ..............................................:   8698
! SUMMARY-  person .....................................................:      1
! SUMMARY-  person_and_organization ....................................:      1
! SUMMARY-  plane ......................................................:    667
! SUMMARY-  plane_angle_unit_and_si_unit ...............................:      1
! SUMMARY-  product ....................................................:      8
! SUMMARY-  product_category ...........................................:      2
! SUMMARY-  product_context ............................................:      1
! SUMMARY-  product_definition .........................................:      1
! SUMMARY-  product_definition_context .................................:      1
! SUMMARY-  product_definition_formation_with_specified_source .........:      8
! SUMMARY-  product_definition_shape ...................................:     19
! SUMMARY-  product_definition_with_associated_documents ...............:      7
! SUMMARY-  product_related_product_category ...........................:      2
! SUMMARY-  representation_relationship_with_transformation_and_shape ..:     11
! SUMMARY-  shape_representation .......................................:      8
! SUMMARY-  shell_based_surface_model ..................................:      1
! SUMMARY-  si_unit_and_solid_angle_unit ...............................:      1
! SUMMARY-  surface_of_linear_extrusion ................................:      4
! SUMMARY-  toroidal_surface ...........................................:      5
! SUMMARY-  uncertainty_measure_with_unit ..............................:      8
! SUMMARY-  vector .....................................................:   2935
! SUMMARY-  vertex_point ...............................................:   2862
! SUMMARY-                                                               -------
! SUMMARY-  Total                                                          61725
! STATUS-    
! STATUS-   Converting to Output Form (Phase 2 of 3): 2-MAR-2025 9:31:34 AM
! STATUS-    
! STATUS-    
! STATUS-   Generating UG geometry and placing them in parts
! STATUS-    
! STATUS-   Creating the UG part (Phase 3 of 3): 2-MAR-2025  9:31:38 AM
! INFO-     Filing Part ..: C:\Users\hmont\OneDrive\Desktop\2024-2\Automatizacion de Procesos de Manufactura\Modelado\PLANTA FINAL\NX\Door
! SUMMARY-   
! SUMMARY-  Summary of Unigraphics Part Entities
! SUMMARY-   
! SUMMARY-  Entities Processed             Count
! SUMMARY-  ------------------             -----
! SUMMARY-  Solid/Sheet .................:     2
! SUMMARY-                                 -----
! SUMMARY-  Total                              2
! STATUS-   Creating the UG part (Phase 3 of 3): 2-MAR-2025  9:31:43 AM
! INFO-     Filing Part ..: C:\Users\hmont\OneDrive\Desktop\2024-2\Automatizacion de Procesos de Manufactura\Modelado\PLANTA FINAL\NX\slider
! SUMMARY-   
! SUMMARY-  Summary of Unigraphics Part Entities
! SUMMARY-   
! SUMMARY-  Entities Processed             Count
! SUMMARY-  ------------------             -----
! SUMMARY-  Solid/Sheet .................:     2
! SUMMARY-                                 -----
! SUMMARY-  Total                              2
! STATUS-   Creating the UG part (Phase 3 of 3): 2-MAR-2025  9:31:43 AM
! INFO-     Filing Part ..: C:\Users\hmont\OneDrive\Desktop\2024-2\Automatizacion de Procesos de Manufactura\Modelado\PLANTA FINAL\NX\trd link
! SUMMARY-   
! SUMMARY-  Summary of Unigraphics Part Entities
! SUMMARY-   
! SUMMARY-  Entities Processed             Count
! SUMMARY-  ------------------             -----
! SUMMARY-  Solid/Sheet .................:     2
! SUMMARY-                                 -----
! SUMMARY-  Total                              2
! STATUS-   Creating the UG part (Phase 3 of 3): 2-MAR-2025  9:31:43 AM
! INFO-     Filing Part ..: C:\Users\hmont\OneDrive\Desktop\2024-2\Automatizacion de Procesos de Manufactura\Modelado\PLANTA FINAL\NX\snd link
! SUMMARY-   
! SUMMARY-  Summary of Unigraphics Part Entities
! SUMMARY-   
! SUMMARY-  Entities Processed             Count
! SUMMARY-  ------------------             -----
! SUMMARY-  Solid/Sheet .................:     3
! SUMMARY-                                 -----
! SUMMARY-  Total                              3
! STATUS-   Creating the UG part (Phase 3 of 3): 2-MAR-2025  9:31:43 AM
! INFO-     Filing Part ..: C:\Users\hmont\OneDrive\Desktop\2024-2\Automatizacion de Procesos de Manufactura\Modelado\PLANTA FINAL\NX\Fst link
! SUMMARY-   
! SUMMARY-  Summary of Unigraphics Part Entities
! SUMMARY-   
! SUMMARY-  Entities Processed             Count
! SUMMARY-  ------------------             -----
! SUMMARY-  Solid/Sheet .................:     2
! SUMMARY-                                 -----
! SUMMARY-  Total                              2
! STATUS-   Creating the UG part (Phase 3 of 3): 2-MAR-2025  9:31:43 AM
! INFO-     Filing Part ..: C:\Users\hmont\OneDrive\Desktop\2024-2\Automatizacion de Procesos de Manufactura\Modelado\PLANTA FINAL\NX\Hydraulic jack to slider link
! SUMMARY-   
! SUMMARY-  Summary of Unigraphics Part Entities
! SUMMARY-   
! SUMMARY-  Entities Processed             Count
! SUMMARY-  ------------------             -----
! SUMMARY-  Solid/Sheet .................:     1
! SUMMARY-                                 -----
! SUMMARY-  Total                              1
! STATUS-   Creating the UG part (Phase 3 of 3): 2-MAR-2025  9:31:43 AM
! INFO-     Filing Part ..: C:\Users\hmont\OneDrive\Desktop\2024-2\Automatizacion de Procesos de Manufactura\Modelado\PLANTA FINAL\NX\Base & Frame
! SUMMARY-   
! SUMMARY-  Summary of Unigraphics Part Entities
! SUMMARY-   
! SUMMARY-  Entities Processed             Count
! SUMMARY-  ------------------             -----
! SUMMARY-  Solid/Sheet .................:    18
! SUMMARY-                                 -----
! SUMMARY-  Total                             18
! STATUS-   Creating the UG part (Phase 3 of 3): 2-MAR-2025  9:31:44 AM
! INFO-     Filing Part ..: C:\Users\hmont\OneDrive\Desktop\2024-2\Automatizacion de Procesos de Manufactura\Modelado\PLANTA FINAL\NX\plastic injection machine.prt
! SUMMARY-   
! SUMMARY-  Summary of Unigraphics Part Entities
! SUMMARY-   
! SUMMARY-  Entities Processed             Count
! SUMMARY-  ------------------             -----
! SUMMARY-  Component ...................:    11
! SUMMARY-                                 -----
! SUMMARY-  Total                             11
! INFO-      
! INFO-     Total number of solids input for this translation       :        29
! INFO-      
! INFO-     Number of solids created without body validation faults :        29
! INFO-      
! INFO-     Number of solids created with body validation fault(s)  :         0
! INFO-      
! INFO-     Number of solids ending up as sheet bodies              :         0
! INFO-      
! INFO-     End of Translation: 2-MAR-2025  9:31:45 AM
! INFO-      
